2026-07-07 17:56:17 | Starting Dual_D standalone training
2026-07-07 17:56:17 | Run directory: runs/dual_d_黑天_20260707_175617
2026-07-07 17:56:17 | Device: cuda
2026-07-07 17:56:17 | Source train samples: 760
2026-07-07 17:56:17 | Target train samples: 465
2026-07-07 17:56:17 | Target val samples: 120
2026-07-07 17:56:17 | Classes: 14
2026-07-07 17:56:17 | source_train classes: present 14/14 | absent 0 | counts [0:120, 1:43, 2:47, 3:40, 4:40, 5:30, 6:52, 7:52, 8:58, 9:53, 10:53, 11:83, 12:44, 13:45]
2026-07-07 17:56:17 | target_train classes: present 8/14 | absent 6 | counts [0:100, 2:11, 3:16, 6:89, 9:162, 10:12, 11:44, 13:31]
2026-07-07 17:56:17 | target_val classes: present 8/14 | absent 6 | counts [0:26, 2:3, 3:5, 6:23, 9:41, 10:3, 11:11, 13:8]
2026-07-07 17:56:17 | Paired training classes: 8/14 | class ids [0, 2, 3, 6, 9, 10, 11, 13]
2026-07-07 17:56:27 | Epoch 001/100 | loss 9.9297 | cls 4.3390 | tal 0.3119 | dual_g 5.4972 | dual_d 0.5324 | train_acc 0.3817 | val_acc 0.0250 | val_f1 0.0063 | 9.7s
2026-07-07 17:56:27 | New best validation accuracy: 0.0250 at epoch 1
2026-07-07 17:56:35 | Epoch 002/100 | loss 6.8494 | cls 2.8647 | tal 0.1883 | dual_g 3.9282 | dual_d 0.6097 | train_acc 0.6629 | val_acc 0.3000 | val_f1 0.2761 | 7.9s
2026-07-07 17:56:35 | New best validation accuracy: 0.3000 at epoch 2
2026-07-07 17:56:43 | Epoch 003/100 | loss 5.8398 | cls 2.4687 | tal 0.1905 | dual_g 3.3139 | dual_d 1.0640 | train_acc 0.7589 | val_acc 0.6167 | val_f1 0.5230 | 7.4s
2026-07-07 17:56:43 | New best validation accuracy: 0.6167 at epoch 3
2026-07-07 17:56:51 | Epoch 004/100 | loss 4.9659 | cls 2.0792 | tal -0.0725 | dual_g 2.9085 | dual_d 0.9360 | train_acc 0.8438 | val_acc 0.6750 | val_f1 0.6422 | 7.7s
2026-07-07 17:56:51 | New best validation accuracy: 0.6750 at epoch 4
2026-07-07 17:56:58 | Epoch 005/100 | loss 4.6370 | cls 2.0030 | tal -0.1897 | dual_g 2.6909 | dual_d 1.0743 | train_acc 0.8638 | val_acc 0.6750 | val_f1 0.6253 | 7.5s
2026-07-07 17:57:06 | Epoch 006/100 | loss 4.4766 | cls 1.9103 | tal -0.2319 | dual_g 2.6358 | dual_d 0.7417 | train_acc 0.8906 | val_acc 0.7167 | val_f1 0.6628 | 7.9s
2026-07-07 17:57:07 | New best validation accuracy: 0.7167 at epoch 6
2026-07-07 17:57:14 | Epoch 007/100 | loss 4.4338 | cls 1.8882 | tal -0.2152 | dual_g 2.6101 | dual_d 0.7721 | train_acc 0.8996 | val_acc 0.6250 | val_f1 0.5608 | 7.3s
2026-07-07 17:57:22 | Epoch 008/100 | loss 4.2893 | cls 1.8434 | tal -0.1411 | dual_g 2.4882 | dual_d 0.7458 | train_acc 0.8951 | val_acc 0.7167 | val_f1 0.6721 | 8.2s
2026-07-07 17:57:30 | Epoch 009/100 | loss 4.0645 | cls 1.7295 | tal -0.1537 | dual_g 2.3811 | dual_d 0.8174 | train_acc 0.8996 | val_acc 0.6333 | val_f1 0.6004 | 7.8s
2026-07-07 17:57:38 | Epoch 010/100 | loss 3.8044 | cls 1.6383 | tal -0.1130 | dual_g 2.2001 | dual_d 0.8235 | train_acc 0.9330 | val_acc 0.5667 | val_f1 0.5535 | 7.4s
2026-07-07 17:57:46 | Epoch 011/100 | loss 3.8811 | cls 1.6711 | tal -0.1542 | dual_g 2.2562 | dual_d 0.7278 | train_acc 0.9442 | val_acc 0.7000 | val_f1 0.6541 | 7.6s
2026-07-07 17:57:53 | Epoch 012/100 | loss 3.9640 | cls 1.6977 | tal -0.1150 | dual_g 2.3008 | dual_d 0.7113 | train_acc 0.9330 | val_acc 0.6000 | val_f1 0.5724 | 7.5s
2026-07-07 17:58:01 | Epoch 013/100 | loss 3.7604 | cls 1.5948 | tal -0.1194 | dual_g 2.2015 | dual_d 0.7000 | train_acc 0.9464 | val_acc 0.5667 | val_f1 0.5685 | 7.6s
2026-07-07 17:58:08 | Epoch 014/100 | loss 3.5285 | cls 1.5294 | tal -0.2045 | dual_g 2.0605 | dual_d 0.8206 | train_acc 0.9487 | val_acc 0.7000 | val_f1 0.6550 | 7.3s
2026-07-07 17:58:17 | Epoch 015/100 | loss 3.4138 | cls 1.4757 | tal -0.1908 | dual_g 1.9954 | dual_d 0.8114 | train_acc 0.9464 | val_acc 0.7333 | val_f1 0.6556 | 8.2s
2026-07-07 17:58:17 | New best validation accuracy: 0.7333 at epoch 15
2026-07-07 17:58:25 | Epoch 016/100 | loss 3.3415 | cls 1.4118 | tal -0.0957 | dual_g 1.9584 | dual_d 0.7492 | train_acc 0.9598 | val_acc 0.6333 | val_f1 0.5568 | 8.2s
2026-07-07 17:58:33 | Epoch 017/100 | loss 3.3931 | cls 1.4711 | tal -0.1702 | dual_g 1.9730 | dual_d 0.8409 | train_acc 0.9576 | val_acc 0.7583 | val_f1 0.6881 | 7.6s
2026-07-07 17:58:33 | New best validation accuracy: 0.7583 at epoch 17
2026-07-07 17:58:41 | Epoch 018/100 | loss 3.2440 | cls 1.4023 | tal -0.2297 | dual_g 1.9106 | dual_d 0.8594 | train_acc 0.9710 | val_acc 0.6250 | val_f1 0.5579 | 7.8s
2026-07-07 17:58:49 | Epoch 019/100 | loss 3.3255 | cls 1.4558 | tal -0.2092 | dual_g 1.9325 | dual_d 0.8205 | train_acc 0.9509 | val_acc 0.7000 | val_f1 0.5918 | 7.7s
2026-07-07 17:58:57 | Epoch 020/100 | loss 3.1973 | cls 1.3834 | tal -0.2145 | dual_g 1.8783 | dual_d 0.7668 | train_acc 0.9665 | val_acc 0.7667 | val_f1 0.7459 | 7.9s
2026-07-07 17:58:57 | New best validation accuracy: 0.7667 at epoch 20
2026-07-07 17:59:04 | Epoch 021/100 | loss 3.1718 | cls 1.3533 | tal -0.1125 | dual_g 1.8522 | dual_d 0.7690 | train_acc 0.9710 | val_acc 0.6750 | val_f1 0.6108 | 7.2s
2026-07-07 17:59:13 | Epoch 022/100 | loss 3.2048 | cls 1.3750 | tal -0.0732 | dual_g 1.8518 | dual_d 0.8066 | train_acc 0.9732 | val_acc 0.7500 | val_f1 0.7023 | 8.1s
2026-07-07 17:59:21 | Epoch 023/100 | loss 3.1222 | cls 1.3458 | tal -0.0904 | dual_g 1.8036 | dual_d 0.7728 | train_acc 0.9754 | val_acc 0.7333 | val_f1 0.6863 | 8.3s
2026-07-07 17:59:29 | Epoch 024/100 | loss 2.9840 | cls 1.2820 | tal -0.0301 | dual_g 1.7111 | dual_d 0.8075 | train_acc 0.9799 | val_acc 0.8083 | val_f1 0.7568 | 7.8s
2026-07-07 17:59:29 | New best validation accuracy: 0.8083 at epoch 24
2026-07-07 17:59:37 | Epoch 025/100 | loss 3.0638 | cls 1.3215 | tal 0.0027 | dual_g 1.7415 | dual_d 0.7909 | train_acc 0.9754 | val_acc 0.7250 | val_f1 0.6401 | 7.4s
2026-07-07 17:59:45 | Epoch 026/100 | loss 2.9745 | cls 1.3045 | tal -0.2100 | dual_g 1.7331 | dual_d 0.7528 | train_acc 0.9888 | val_acc 0.7250 | val_f1 0.6318 | 7.7s
2026-07-07 17:59:54 | Epoch 027/100 | loss 2.9676 | cls 1.2866 | tal -0.2123 | dual_g 1.7447 | dual_d 0.7227 | train_acc 0.9799 | val_acc 0.7250 | val_f1 0.6736 | 8.9s
2026-07-07 18:00:01 | Epoch 028/100 | loss 2.9906 | cls 1.2964 | tal -0.2259 | dual_g 1.7619 | dual_d 0.7172 | train_acc 0.9844 | val_acc 0.7667 | val_f1 0.7112 | 7.8s
2026-07-07 18:00:10 | Epoch 029/100 | loss 2.9819 | cls 1.3071 | tal -0.2337 | dual_g 1.7449 | dual_d 0.7140 | train_acc 0.9777 | val_acc 0.8167 | val_f1 0.7757 | 8.1s
2026-07-07 18:00:10 | New best validation accuracy: 0.8167 at epoch 29
2026-07-07 18:00:18 | Epoch 030/100 | loss 2.8517 | cls 1.2394 | tal -0.2404 | dual_g 1.6845 | dual_d 0.7072 | train_acc 0.9911 | val_acc 0.7333 | val_f1 0.6622 | 7.5s
2026-07-07 18:00:25 | Epoch 031/100 | loss 2.8998 | cls 1.2789 | tal -0.2643 | dual_g 1.7002 | dual_d 0.7259 | train_acc 0.9911 | val_acc 0.6833 | val_f1 0.6185 | 7.1s
2026-07-07 18:00:33 | Epoch 032/100 | loss 2.9199 | cls 1.2812 | tal -0.3116 | dual_g 1.7322 | dual_d 0.7256 | train_acc 0.9710 | val_acc 0.8000 | val_f1 0.7122 | 7.7s
2026-07-07 18:00:41 | Epoch 033/100 | loss 2.8263 | cls 1.2391 | tal -0.2946 | dual_g 1.6755 | dual_d 0.7086 | train_acc 0.9821 | val_acc 0.7917 | val_f1 0.7081 | 8.1s
2026-07-07 18:00:49 | Epoch 034/100 | loss 2.7985 | cls 1.2255 | tal -0.2837 | dual_g 1.6581 | dual_d 0.7017 | train_acc 0.9978 | val_acc 0.7583 | val_f1 0.6982 | 7.8s
2026-07-07 18:00:58 | Epoch 035/100 | loss 2.7427 | cls 1.2071 | tal -0.3635 | dual_g 1.6446 | dual_d 0.6973 | train_acc 0.9978 | val_acc 0.7000 | val_f1 0.6144 | 8.5s
2026-07-07 18:01:05 | Epoch 036/100 | loss 2.7190 | cls 1.1965 | tal -0.3506 | dual_g 1.6276 | dual_d 0.7009 | train_acc 0.9978 | val_acc 0.8083 | val_f1 0.7709 | 7.6s
2026-07-07 18:01:13 | Epoch 037/100 | loss 2.7603 | cls 1.2216 | tal -0.3996 | dual_g 1.6586 | dual_d 0.6998 | train_acc 0.9933 | val_acc 0.7667 | val_f1 0.6684 | 7.2s
2026-07-07 18:01:20 | Epoch 038/100 | loss 2.7923 | cls 1.2433 | tal -0.4005 | dual_g 1.6692 | dual_d 0.6985 | train_acc 0.9821 | val_acc 0.7667 | val_f1 0.6804 | 7.4s
2026-07-07 18:01:28 | Epoch 039/100 | loss 2.6969 | cls 1.2070 | tal -0.4222 | dual_g 1.6165 | dual_d 0.7015 | train_acc 0.9978 | val_acc 0.8417 | val_f1 0.8344 | 7.6s
2026-07-07 18:01:28 | New best validation accuracy: 0.8417 at epoch 39
2026-07-07 18:01:35 | Epoch 040/100 | loss 2.6747 | cls 1.1866 | tal -0.4078 | dual_g 1.6104 | dual_d 0.6994 | train_acc 0.9978 | val_acc 0.7667 | val_f1 0.6841 | 7.1s
2026-07-07 18:01:43 | Epoch 041/100 | loss 2.7408 | cls 1.2146 | tal -0.3333 | dual_g 1.6262 | dual_d 0.6946 | train_acc 0.9911 | val_acc 0.7833 | val_f1 0.7538 | 7.7s
2026-07-07 18:01:51 | Epoch 042/100 | loss 2.6821 | cls 1.1893 | tal -0.3549 | dual_g 1.5993 | dual_d 0.6934 | train_acc 0.9888 | val_acc 0.8167 | val_f1 0.8086 | 7.4s
2026-07-07 18:01:59 | Epoch 043/100 | loss 2.6664 | cls 1.1931 | tal -0.4264 | dual_g 1.6012 | dual_d 0.6971 | train_acc 0.9933 | val_acc 0.8083 | val_f1 0.6893 | 7.8s
2026-07-07 18:02:06 | Epoch 044/100 | loss 2.7433 | cls 1.2000 | tal -0.2067 | dual_g 1.6053 | dual_d 0.6872 | train_acc 0.9978 | val_acc 0.7917 | val_f1 0.8060 | 7.5s
2026-07-07 18:02:14 | Epoch 045/100 | loss 2.7275 | cls 1.1990 | tal -0.2781 | dual_g 1.6119 | dual_d 0.6905 | train_acc 0.9978 | val_acc 0.8500 | val_f1 0.8565 | 7.6s
2026-07-07 18:02:14 | New best validation accuracy: 0.8500 at epoch 45
2026-07-07 18:02:22 | Epoch 046/100 | loss 2.7148 | cls 1.1893 | tal -0.2571 | dual_g 1.6026 | dual_d 0.6897 | train_acc 0.9933 | val_acc 0.8500 | val_f1 0.8324 | 7.3s
2026-07-07 18:02:30 | Epoch 047/100 | loss 2.6651 | cls 1.1776 | tal -0.3559 | dual_g 1.5943 | dual_d 0.6909 | train_acc 1.0000 | val_acc 0.8000 | val_f1 0.7446 | 7.9s
2026-07-07 18:02:37 | Epoch 048/100 | loss 2.6916 | cls 1.2021 | tal -0.4314 | dual_g 1.6190 | dual_d 0.6876 | train_acc 0.9955 | val_acc 0.9083 | val_f1 0.8815 | 7.8s
2026-07-07 18:02:38 | New best validation accuracy: 0.9083 at epoch 48
2026-07-07 18:02:47 | Epoch 049/100 | loss 2.6530 | cls 1.1817 | tal -0.4105 | dual_g 1.5944 | dual_d 0.6901 | train_acc 0.9955 | val_acc 0.8583 | val_f1 0.8422 | 9.2s
2026-07-07 18:02:54 | Epoch 050/100 | loss 2.5981 | cls 1.1677 | tal -0.4229 | dual_g 1.5572 | dual_d 0.6950 | train_acc 0.9933 | val_acc 0.8583 | val_f1 0.8318 | 7.1s
2026-07-07 18:03:02 | Epoch 051/100 | loss 2.5804 | cls 1.1558 | tal -0.4151 | dual_g 1.5491 | dual_d 0.6907 | train_acc 0.9978 | val_acc 0.8167 | val_f1 0.7755 | 7.5s
2026-07-07 18:03:10 | Epoch 052/100 | loss 2.6234 | cls 1.1721 | tal -0.3672 | dual_g 1.5615 | dual_d 0.6991 | train_acc 0.9933 | val_acc 0.8083 | val_f1 0.8191 | 7.7s
2026-07-07 18:03:17 | Epoch 053/100 | loss 2.6033 | cls 1.1594 | tal -0.3568 | dual_g 1.5510 | dual_d 0.6881 | train_acc 0.9933 | val_acc 0.8167 | val_f1 0.7773 | 7.6s
2026-07-07 18:03:25 | Epoch 054/100 | loss 2.6339 | cls 1.1739 | tal -0.3344 | dual_g 1.5603 | dual_d 0.6923 | train_acc 0.9955 | val_acc 0.7583 | val_f1 0.6842 | 7.4s
2026-07-07 18:03:33 | Epoch 055/100 | loss 2.6279 | cls 1.1672 | tal -0.2709 | dual_g 1.5420 | dual_d 0.6932 | train_acc 0.9978 | val_acc 0.8417 | val_f1 0.8243 | 7.9s
2026-07-07 18:03:41 | Epoch 056/100 | loss 2.7086 | cls 1.1888 | tal -0.2141 | dual_g 1.5840 | dual_d 0.6846 | train_acc 0.9978 | val_acc 0.8833 | val_f1 0.8315 | 7.4s
2026-07-07 18:03:49 | Epoch 057/100 | loss 2.5566 | cls 1.1543 | tal -0.4579 | dual_g 1.5397 | dual_d 0.6963 | train_acc 1.0000 | val_acc 0.8333 | val_f1 0.8212 | 8.5s
2026-07-07 18:03:57 | Epoch 058/100 | loss 2.6314 | cls 1.1648 | tal -0.2520 | dual_g 1.5422 | dual_d 0.7001 | train_acc 0.9955 | val_acc 0.8250 | val_f1 0.7672 | 7.9s
2026-07-07 18:04:05 | Epoch 059/100 | loss 2.5553 | cls 1.1489 | tal -0.3847 | dual_g 1.5218 | dual_d 0.6970 | train_acc 1.0000 | val_acc 0.8583 | val_f1 0.8490 | 7.9s
2026-07-07 18:04:13 | Epoch 060/100 | loss 2.5499 | cls 1.1445 | tal -0.4110 | dual_g 1.5287 | dual_d 0.6921 | train_acc 1.0000 | val_acc 0.8750 | val_f1 0.8503 | 7.6s
2026-07-07 18:04:21 | Epoch 061/100 | loss 2.5261 | cls 1.1447 | tal -0.4405 | dual_g 1.5136 | dual_d 0.6880 | train_acc 1.0000 | val_acc 0.8417 | val_f1 0.8313 | 7.5s
2026-07-07 18:04:29 | Epoch 062/100 | loss 2.5004 | cls 1.1360 | tal -0.4522 | dual_g 1.5001 | dual_d 0.6955 | train_acc 1.0000 | val_acc 0.8667 | val_f1 0.8364 | 7.8s
2026-07-07 18:04:37 | Epoch 063/100 | loss 2.5167 | cls 1.1357 | tal -0.3822 | dual_g 1.4956 | dual_d 0.6926 | train_acc 0.9978 | val_acc 0.8583 | val_f1 0.8457 | 7.7s
2026-07-07 18:04:45 | Epoch 064/100 | loss 2.5724 | cls 1.1440 | tal -0.2620 | dual_g 1.5069 | dual_d 0.6884 | train_acc 0.9955 | val_acc 0.8917 | val_f1 0.8779 | 8.1s
2026-07-07 18:04:54 | Epoch 065/100 | loss 2.5488 | cls 1.1449 | tal -0.3421 | dual_g 1.5065 | dual_d 0.6969 | train_acc 0.9978 | val_acc 0.8500 | val_f1 0.8431 | 8.6s
2026-07-07 18:05:01 | Epoch 066/100 | loss 2.5182 | cls 1.1340 | tal -0.3746 | dual_g 1.4965 | dual_d 0.6949 | train_acc 1.0000 | val_acc 0.8583 | val_f1 0.8532 | 7.0s
2026-07-07 18:05:09 | Epoch 067/100 | loss 2.5103 | cls 1.1333 | tal -0.3847 | dual_g 1.4924 | dual_d 0.6933 | train_acc 0.9978 | val_acc 0.8583 | val_f1 0.8693 | 7.9s
2026-07-07 18:05:16 | Epoch 068/100 | loss 2.4944 | cls 1.1327 | tal -0.4265 | dual_g 1.4896 | dual_d 0.6927 | train_acc 1.0000 | val_acc 0.8417 | val_f1 0.8313 | 7.5s
2026-07-07 18:05:24 | Epoch 069/100 | loss 2.4918 | cls 1.1388 | tal -0.4781 | dual_g 1.4963 | dual_d 0.6958 | train_acc 1.0000 | val_acc 0.8667 | val_f1 0.8021 | 7.6s
2026-07-07 18:05:32 | Epoch 070/100 | loss 2.4756 | cls 1.1285 | tal -0.4731 | dual_g 1.4890 | dual_d 0.6925 | train_acc 1.0000 | val_acc 0.8833 | val_f1 0.8610 | 7.9s
2026-07-07 18:05:41 | Epoch 071/100 | loss 2.4491 | cls 1.1331 | tal -0.5754 | dual_g 1.4886 | dual_d 0.6969 | train_acc 0.9978 | val_acc 0.8917 | val_f1 0.8753 | 8.7s
2026-07-07 18:05:49 | Epoch 072/100 | loss 2.4394 | cls 1.1254 | tal -0.5509 | dual_g 1.4793 | dual_d 0.6913 | train_acc 1.0000 | val_acc 0.8667 | val_f1 0.8486 | 7.6s
2026-07-07 18:05:57 | Epoch 073/100 | loss 2.4900 | cls 1.1321 | tal -0.4534 | dual_g 1.4939 | dual_d 0.6890 | train_acc 1.0000 | val_acc 0.9167 | val_f1 0.8983 | 8.6s
2026-07-07 18:05:58 | New best validation accuracy: 0.9167 at epoch 73
2026-07-07 18:06:06 | Epoch 074/100 | loss 2.4755 | cls 1.1302 | tal -0.4828 | dual_g 1.4901 | dual_d 0.6794 | train_acc 1.0000 | val_acc 0.8500 | val_f1 0.8629 | 7.9s
2026-07-07 18:06:14 | Epoch 075/100 | loss 2.4898 | cls 1.1276 | tal -0.4026 | dual_g 1.4830 | dual_d 0.6923 | train_acc 1.0000 | val_acc 0.8917 | val_f1 0.8669 | 8.3s
2026-07-07 18:06:21 | Epoch 076/100 | loss 2.4650 | cls 1.1258 | tal -0.4851 | dual_g 1.4847 | dual_d 0.6859 | train_acc 1.0000 | val_acc 0.8583 | val_f1 0.8457 | 7.2s
2026-07-07 18:06:29 | Epoch 077/100 | loss 2.4565 | cls 1.1259 | tal -0.5159 | dual_g 1.4854 | dual_d 0.6851 | train_acc 1.0000 | val_acc 0.8750 | val_f1 0.8437 | 7.4s
2026-07-07 18:06:36 | Epoch 078/100 | loss 2.4765 | cls 1.1231 | tal -0.4464 | dual_g 1.4873 | dual_d 0.6816 | train_acc 1.0000 | val_acc 0.8583 | val_f1 0.8457 | 7.2s
2026-07-07 18:06:45 | Epoch 079/100 | loss 2.4933 | cls 1.1267 | tal -0.4167 | dual_g 1.4916 | dual_d 0.6793 | train_acc 1.0000 | val_acc 0.8500 | val_f1 0.8368 | 8.1s
2026-07-07 18:06:53 | Epoch 080/100 | loss 2.5445 | cls 1.1301 | tal -0.3067 | dual_g 1.5065 | dual_d 0.6849 | train_acc 1.0000 | val_acc 0.9083 | val_f1 0.8844 | 8.4s
2026-07-07 18:07:01 | Epoch 081/100 | loss 2.5377 | cls 1.1266 | tal -0.2803 | dual_g 1.4951 | dual_d 0.6937 | train_acc 1.0000 | val_acc 0.8667 | val_f1 0.8522 | 7.7s
2026-07-07 18:07:09 | Epoch 082/100 | loss 2.5062 | cls 1.1293 | tal -0.3653 | dual_g 1.4865 | dual_d 0.6926 | train_acc 1.0000 | val_acc 0.9000 | val_f1 0.8787 | 8.1s
2026-07-07 18:07:18 | Epoch 083/100 | loss 2.5457 | cls 1.1281 | tal -0.2666 | dual_g 1.4975 | dual_d 0.6954 | train_acc 1.0000 | val_acc 0.8500 | val_f1 0.8266 | 8.9s
2026-07-07 18:07:26 | Epoch 084/100 | loss 2.5343 | cls 1.1235 | tal -0.2558 | dual_g 1.4876 | dual_d 0.6894 | train_acc 1.0000 | val_acc 0.8667 | val_f1 0.8408 | 7.9s
2026-07-07 18:07:35 | Epoch 085/100 | loss 2.5112 | cls 1.1260 | tal -0.3340 | dual_g 1.4854 | dual_d 0.6941 | train_acc 1.0000 | val_acc 0.8500 | val_f1 0.8407 | 8.5s
2026-07-07 18:07:43 | Epoch 086/100 | loss 2.5083 | cls 1.1306 | tal -0.4149 | dual_g 1.5022 | dual_d 0.6842 | train_acc 1.0000 | val_acc 0.8500 | val_f1 0.8266 | 7.6s
2026-07-07 18:07:51 | Epoch 087/100 | loss 2.5306 | cls 1.1234 | tal -0.2643 | dual_g 1.4864 | dual_d 0.6876 | train_acc 1.0000 | val_acc 0.8750 | val_f1 0.8518 | 8.0s
2026-07-07 18:07:59 | Epoch 088/100 | loss 2.4936 | cls 1.1225 | tal -0.3748 | dual_g 1.4835 | dual_d 0.6908 | train_acc 1.0000 | val_acc 0.8750 | val_f1 0.8595 | 8.3s
2026-07-07 18:08:07 | Epoch 089/100 | loss 2.4767 | cls 1.1261 | tal -0.4963 | dual_g 1.4995 | dual_d 0.6861 | train_acc 1.0000 | val_acc 0.8500 | val_f1 0.8281 | 7.6s
2026-07-07 18:08:15 | Epoch 090/100 | loss 2.4575 | cls 1.1277 | tal -0.6056 | dual_g 1.5115 | dual_d 0.6710 | train_acc 1.0000 | val_acc 0.8750 | val_f1 0.8469 | 7.6s
2026-07-07 18:08:22 | Epoch 091/100 | loss 2.5735 | cls 1.1269 | tal -0.1744 | dual_g 1.4990 | dual_d 0.6867 | train_acc 1.0000 | val_acc 0.8667 | val_f1 0.8420 | 6.9s
2026-07-07 18:08:30 | Epoch 092/100 | loss 2.5505 | cls 1.1287 | tal -0.3442 | dual_g 1.5251 | dual_d 0.6662 | train_acc 1.0000 | val_acc 0.8417 | val_f1 0.8173 | 7.9s
2026-07-07 18:08:38 | Epoch 093/100 | loss 2.4828 | cls 1.1246 | tal -0.5802 | dual_g 1.5322 | dual_d 0.6824 | train_acc 1.0000 | val_acc 0.8833 | val_f1 0.8670 | 8.3s
2026-07-07 18:08:46 | Epoch 094/100 | loss 2.5119 | cls 1.1282 | tal -0.4957 | dual_g 1.5324 | dual_d 0.6861 | train_acc 1.0000 | val_acc 0.8667 | val_f1 0.8296 | 7.8s
2026-07-07 18:08:54 | Epoch 095/100 | loss 2.5021 | cls 1.1260 | tal -0.4658 | dual_g 1.5159 | dual_d 0.6675 | train_acc 1.0000 | val_acc 0.8583 | val_f1 0.8280 | 7.0s
2026-07-07 18:09:01 | Epoch 096/100 | loss 2.5543 | cls 1.1298 | tal -0.4905 | dual_g 1.5717 | dual_d 0.6392 | train_acc 1.0000 | val_acc 0.8500 | val_f1 0.8239 | 7.6s
2026-07-07 18:09:09 | Epoch 097/100 | loss 2.6323 | cls 1.1382 | tal -0.4687 | dual_g 1.6347 | dual_d 0.6270 | train_acc 0.9955 | val_acc 0.8750 | val_f1 0.8659 | 7.6s
2026-07-07 18:09:16 | Epoch 098/100 | loss 2.5949 | cls 1.1300 | tal -0.5234 | dual_g 1.6219 | dual_d 0.6411 | train_acc 1.0000 | val_acc 0.8667 | val_f1 0.8563 | 7.1s
2026-07-07 18:09:24 | Epoch 099/100 | loss 2.6693 | cls 1.1344 | tal -0.5190 | dual_g 1.6907 | dual_d 0.6238 | train_acc 1.0000 | val_acc 0.8417 | val_f1 0.8313 | 7.3s
2026-07-07 18:09:31 | Epoch 100/100 | loss 2.6858 | cls 1.1302 | tal -0.4806 | dual_g 1.6999 | dual_d 0.6151 | train_acc 1.0000 | val_acc 0.8417 | val_f1 0.8313 | 7.3s
2026-07-07 18:09:31 | Training complete. Best validation accuracy: 0.9167
